<?xml version="1.0" encoding="UTF-8"?>
<!-- Generated by org.testng.reporters.JUnitReportReporter -->
<testsuite skipped="0" hostname="DESKTOP-G072IJM" name="steps.WebServiceRequestTest" tests="1" failures="0" timestamp="04 Jan 2020 08:07:50 GMT" time="5.169" errors="0">
  <testcase name="testFileUpload" time="5.169" classname="steps.WebServiceRequestTest"/>
</testsuite> <!-- steps.WebServiceRequestTest -->
