<?xml version="1.0" encoding="UTF-8"?>
<!-- Generated by org.testng.reporters.JUnitReportReporter -->
<testsuite skipped="0" hostname="DESKTOP-G072IJM" name="tests.TestPostRequest" tests="1" failures="0" timestamp="04 Jan 2020 19:03:29 GMT" time="3.490" errors="0">
  <testcase name="testPostRequestDetails" time="3.490" classname="tests.TestPostRequest"/>
</testsuite> <!-- tests.TestPostRequest -->
